<?xml version="1.0" encoding="UTF-8"?>
<testsuite xmlns:xsi="http://www.w3.org/2001/XMLSchema-instance" xsi:noNamespaceSchemaLocation="https://maven.apache.org/surefire/maven-surefire-plugin/xsd/surefire-test-report.xsd" version="3.0.2" name="org.pelitur.apps.LeadingZeroTest" time="0.051" tests="6" errors="0" skipped="0" failures="0">
  <properties>
[...]
</properties>
  <testcase name="whenStringHasLeadingZeroWithSpecialChar_thenReplaceZero" classname="org.pelitur.apps.LeadingZeroTest" time="0.008">
    <system-out><![CDATA[11:33:10.081 [main] INFO org.pelitur.apps.LeadingZeroTest -- Data populated
11:33:10.085 [main] INFO org.pelitur.apps.LeadingZeroTest -- Executing whenStringHasLeadingZeroWithSpecialChar_thenReplaceZero
11:33:10.086 [main] ERROR org.pelitur.apps.LeadingZeroTest -- Parse Integer failed
11:33:10.086 [main] ERROR org.pelitur.apps.LeadingZeroTest -- Parse Long failed
11:33:10.086 [main] INFO org.pelitur.apps.LeadingZeroTest -- Replace first with Regex: 1234567890123456789$#@
11:33:10.088 [main] INFO org.pelitur.apps.LeadingZeroTest -- Has spaces: No
11:33:10.088 [main] INFO org.pelitur.apps.LeadingZeroTest -- With Spring string utils: 1234567890123456789$#@
11:33:10.088 [main] INFO org.pelitur.apps.LeadingZeroTest -- Has spaces: No
]]></system-out>
  </testcase>
  <testcase name="whenStringHasLeadingZeroTooLong_thenReplaceZero" classname="org.pelitur.apps.LeadingZeroTest" time="0.007">
    <system-out><![CDATA[11:33:10.091 [main] INFO org.pelitur.apps.LeadingZeroTest -- Data populated
11:33:10.096 [main] INFO org.pelitur.apps.LeadingZeroTest -- Executing whenStringHasLeadingZeroTooLong_thenReplaceZero
11:33:10.096 [main] ERROR org.pelitur.apps.LeadingZeroTest -- Parse Integer failed
11:33:10.096 [main] ERROR org.pelitur.apps.LeadingZeroTest -- Parse Long failed
11:33:10.096 [main] INFO org.pelitur.apps.LeadingZeroTest -- Replace first with Regex: 1234567890123456789012345678901234567890
11:33:10.096 [main] INFO org.pelitur.apps.LeadingZeroTest -- Has spaces: No
11:33:10.096 [main] INFO org.pelitur.apps.LeadingZeroTest -- With Spring string utils: 1234567890123456789012345678901234567890
11:33:10.096 [main] INFO org.pelitur.apps.LeadingZeroTest -- Has spaces: No
]]></system-out>
  </testcase>
  <testcase name="whenStringHasLeadingZeroWithSpaces_thenReplaceZero" classname="org.pelitur.apps.LeadingZeroTest" time="0.009">
    <system-out><![CDATA[11:33:10.098 [main] INFO org.pelitur.apps.LeadingZeroTest -- Data populated
11:33:10.104 [main] INFO org.pelitur.apps.LeadingZeroTest -- Executing whenStringHasLeadingZeroWithSpaces_thenReplaceZero
11:33:10.105 [main] ERROR org.pelitur.apps.LeadingZeroTest -- Parse Integer failed
11:33:10.105 [main] ERROR org.pelitur.apps.LeadingZeroTest -- Parse Long failed
11:33:10.105 [main] INFO org.pelitur.apps.LeadingZeroTest -- Replace first with Regex: 1234567890123456789  
11:33:10.105 [main] INFO org.pelitur.apps.LeadingZeroTest -- Has spaces: Yes
11:33:10.105 [main] INFO org.pelitur.apps.LeadingZeroTest -- With Spring string utils: 1234567890123456789  
11:33:10.106 [main] INFO org.pelitur.apps.LeadingZeroTest -- Has spaces: Yes
]]></system-out>
  </testcase>
  <testcase name="whenStringHasLeadingZero_thenReplaceZero" classname="org.pelitur.apps.LeadingZeroTest" time="0.008">
    <system-out><![CDATA[11:33:10.109 [main] INFO org.pelitur.apps.LeadingZeroTest -- Data populated
11:33:10.113 [main] INFO org.pelitur.apps.LeadingZeroTest -- Executing whenStringHasLeadingZero_thenReplaceZero
11:33:10.114 [main] INFO org.pelitur.apps.LeadingZeroTest -- Parse Integer to String: 123456789
11:33:10.114 [main] INFO org.pelitur.apps.LeadingZeroTest -- Parse Long to String: 123456789
11:33:10.115 [main] INFO org.pelitur.apps.LeadingZeroTest -- Replace first with Regex: 123456789
11:33:10.115 [main] INFO org.pelitur.apps.LeadingZeroTest -- Has spaces: No
11:33:10.115 [main] INFO org.pelitur.apps.LeadingZeroTest -- With Spring string utils: 123456789
11:33:10.115 [main] INFO org.pelitur.apps.LeadingZeroTest -- Has spaces: No
]]></system-out>
  </testcase>
  <testcase name="whenStringHasLeadingZeroTooLongForInteger_thenReplaceZero" classname="org.pelitur.apps.LeadingZeroTest" time="0.007">
    <system-out><![CDATA[11:33:10.117 [main] INFO org.pelitur.apps.LeadingZeroTest -- Data populated
11:33:10.122 [main] INFO org.pelitur.apps.LeadingZeroTest -- Executing whenStringHasLeadingZeroTooLongForInteger_thenReplaceZero
11:33:10.123 [main] ERROR org.pelitur.apps.LeadingZeroTest -- Parse Integer failed
11:33:10.123 [main] INFO org.pelitur.apps.LeadingZeroTest -- Parse Long to String: 1234567890123456789
11:33:10.123 [main] INFO org.pelitur.apps.LeadingZeroTest -- Replace first with Regex: 1234567890123456789
11:33:10.123 [main] INFO org.pelitur.apps.LeadingZeroTest -- Has spaces: No
11:33:10.123 [main] INFO org.pelitur.apps.LeadingZeroTest -- With Spring string utils: 1234567890123456789
11:33:10.123 [main] INFO org.pelitur.apps.LeadingZeroTest -- Has spaces: No
]]></system-out>
  </testcase>
  <testcase name="whenStringHasLeadingZeroWithNonNumeric_thenReplaceZero" classname="org.pelitur.apps.LeadingZeroTest" time="0.005">
    <system-out><![CDATA[11:33:10.125 [main] INFO org.pelitur.apps.LeadingZeroTest -- Data populated
11:33:10.129 [main] INFO org.pelitur.apps.LeadingZeroTest -- Executing whenStringHasLeadingZeroWithNonNumeric_thenReplaceZero
11:33:10.130 [main] ERROR org.pelitur.apps.LeadingZeroTest -- Parse Integer failed
11:33:10.130 [main] ERROR org.pelitur.apps.LeadingZeroTest -- Parse Long failed
11:33:10.130 [main] INFO org.pelitur.apps.LeadingZeroTest -- Replace first with Regex: 1234567890123456789ABC
11:33:10.130 [main] INFO org.pelitur.apps.LeadingZeroTest -- Has spaces: No
11:33:10.130 [main] INFO org.pelitur.apps.LeadingZeroTest -- With Spring string utils: 1234567890123456789ABC
11:33:10.130 [main] INFO org.pelitur.apps.LeadingZeroTest -- Has spaces: No
]]></system-out>
  </testcase>
</testsuite>